<?xml version="1.0" encoding="UTF-8"?>
<testsuite xmlns:xsi="http://www.w3.org/2001/XMLSchema-instance" xsi:noNamespaceSchemaLocation="https://maven.apache.org/surefire/maven-surefire-plugin/xsd/surefire-test-report.xsd" version="3.0.2" name="com.kholid.hrms.HrmsApplicationTests" time="6.48" tests="1" errors="0" skipped="0" failures="0">
  <properties>
[...]
</properties>
  <testcase name="contextLoads" classname="com.kholid.hrms.HrmsApplicationTests" time="0.514">
    <system-out><![CDATA[17:05:54.678 [main] INFO org.springframework.test.context.support.AnnotationConfigContextLoaderUtils -- Could not detect default configuration classes for test class [com.kholid.hrms.HrmsApplicationTests]: HrmsApplicationTests does not declare any static, non-private, non-final, nested classes annotated with @Configuration.
17:05:54.855 [main] INFO org.springframework.boot.test.context.SpringBootTestContextBootstrapper -- Found @SpringBootConfiguration com.kholid.hrms.HrmsApplication for test class com.kholid.hrms.HrmsApplicationTests

  .   ____          _            __ _ _
 /\\ / ___'_ __ _ _(_)_ __  __ _ \ \ \ \
( ( )\___ | '_ | '_| | '_ \/ _` | \ \ \ \
 \\/  ___)| |_)| | | | | || (_| |  ) ) ) )
  '  |____| .__|_| |_|_| |_\__, | / / / /
 =========|_|==============|___/=/_/_/_/

 :: Spring Boot ::                (v3.5.5)

2025-09-18T17:05:55.523+08:00  INFO 37608 --- [hrms] [           main] com.kholid.hrms.HrmsApplicationTests     : Starting HrmsApplicationTests using Java 21.0.8 with PID 37608 (started by ahmadkholid in /home/ahmadkholid/Documents/study-sprint-boot/hrms)
2025-09-18T17:05:55.526+08:00  INFO 37608 --- [hrms] [           main] com.kholid.hrms.HrmsApplicationTests     : No active profile set, falling back to 1 default profile: "default"
2025-09-18T17:05:56.406+08:00  INFO 37608 --- [hrms] [           main] .s.d.r.c.RepositoryConfigurationDelegate : Bootstrapping Spring Data JPA repositories in DEFAULT mode.
2025-09-18T17:05:56.508+08:00  INFO 37608 --- [hrms] [           main] .s.d.r.c.RepositoryConfigurationDelegate : Finished Spring Data repository scanning in 86 ms. Found 3 JPA repository interfaces.
2025-09-18T17:05:57.105+08:00  INFO 37608 --- [hrms] [           main] o.hibernate.jpa.internal.util.LogHelper  : HHH000204: Processing PersistenceUnitInfo [name: default]
2025-09-18T17:05:57.175+08:00  INFO 37608 --- [hrms] [           main] org.hibernate.Version                    : HHH000412: Hibernate ORM core version 6.6.26.Final
2025-09-18T17:05:57.227+08:00  INFO 37608 --- [hrms] [           main] o.h.c.internal.RegionFactoryInitiator    : HHH000026: Second-level cache disabled
2025-09-18T17:05:57.668+08:00  INFO 37608 --- [hrms] [           main] o.s.o.j.p.SpringPersistenceUnitInfo      : No LoadTimeWeaver setup: ignoring JPA class transformer
2025-09-18T17:05:57.708+08:00  INFO 37608 --- [hrms] [           main] com.zaxxer.hikari.HikariDataSource       : HikariPool-1 - Starting...
2025-09-18T17:05:57.969+08:00  INFO 37608 --- [hrms] [           main] com.zaxxer.hikari.pool.HikariPool        : HikariPool-1 - Added connection conn0: url=jdbc:h2:file:./data/hrmsdb user=SA
2025-09-18T17:05:57.972+08:00  INFO 37608 --- [hrms] [           main] com.zaxxer.hikari.HikariDataSource       : HikariPool-1 - Start completed.
2025-09-18T17:05:58.045+08:00  INFO 37608 --- [hrms] [           main] org.hibernate.orm.connections.pooling    : HHH10001005: Database info:
	Database JDBC URL [Connecting through datasource 'HikariDataSource (HikariPool-1)']
	Database driver: undefined/unknown
	Database version: 2.3.232
	Autocommit mode: undefined/unknown
	Isolation level: undefined/unknown
	Minimum pool size: undefined/unknown
	Maximum pool size: undefined/unknown
2025-09-18T17:05:58.985+08:00  INFO 37608 --- [hrms] [           main] o.h.e.t.j.p.i.JtaPlatformInitiator       : HHH000489: No JTA platform available (set 'hibernate.transaction.jta.platform' to enable JTA platform integration)
Hibernate: alter table if exists users drop constraint if exists UKr43af9ap4edm43mmtq01oddj6
Hibernate: alter table if exists users add constraint UKr43af9ap4edm43mmtq01oddj6 unique (username)
2025-09-18T17:05:59.061+08:00  INFO 37608 --- [hrms] [           main] j.LocalContainerEntityManagerFactoryBean : Initialized JPA EntityManagerFactory for persistence unit 'default'
2025-09-18T17:05:59.318+08:00  WARN 37608 --- [hrms] [           main] JpaBaseConfiguration$JpaWebConfiguration : spring.jpa.open-in-view is enabled by default. Therefore, database queries may be performed during view rendering. Explicitly configure spring.jpa.open-in-view to disable this warning
2025-09-18T17:06:00.043+08:00  INFO 37608 --- [hrms] [           main] o.s.b.a.h2.H2ConsoleAutoConfiguration    : H2 console available at '/h2-console'. Database available at 'jdbc:h2:file:./data/hrmsdb'
2025-09-18T17:06:00.158+08:00  WARN 37608 --- [hrms] [           main] .s.s.UserDetailsServiceAutoConfiguration : 

Using generated security password: 45370c13-c80a-4392-9659-ccc501b8b8e7

This generated password is for development use only. Your security configuration must be updated before running your application in production.

2025-09-18T17:06:00.167+08:00  INFO 37608 --- [hrms] [           main] r$InitializeUserDetailsManagerConfigurer : Global AuthenticationManager configured with UserDetailsService bean with name inMemoryUserDetailsManager
2025-09-18T17:06:00.369+08:00  INFO 37608 --- [hrms] [           main] com.kholid.hrms.HrmsApplicationTests     : Started HrmsApplicationTests in 5.291 seconds (process running for 6.815)
]]></system-out>
    <system-err><![CDATA[Mockito is currently self-attaching to enable the inline-mock-maker. This will no longer work in future releases of the JDK. Please add Mockito as an agent to your build as described in Mockito's documentation: https://javadoc.io/doc/org.mockito/mockito-core/latest/org.mockito/org/mockito/Mockito.html#0.3
WARNING: A Java agent has been loaded dynamically (/home/ahmadkholid/.m2/repository/net/bytebuddy/byte-buddy-agent/1.17.7/byte-buddy-agent-1.17.7.jar)
WARNING: If a serviceability tool is in use, please run with -XX:+EnableDynamicAgentLoading to hide this warning
WARNING: If a serviceability tool is not in use, please run with -Djdk.instrument.traceUsage for more information
WARNING: Dynamic loading of agents will be disallowed by default in a future release
]]></system-err>
  </testcase>
</testsuite>